2025-01-25 18:17:57,518 - INFO - Attempting to clean Recycle Bin.
2025-01-25 18:17:57,518 - ERROR - Error cleaning Recycle Bin: module 'subprocess' has no attribute 'SW_MINIMIZE'
2025-01-25 18:17:57,526 - INFO - Attempting to clear cookies.
2025-01-25 18:17:57,528 - INFO - Cookies cleared successfully.
2025-01-25 18:17:57,534 - INFO - Attempting to clear temporary files.
2025-01-25 18:17:57,535 - ERROR - Failed to delete C:\Users\mrsch\AppData\Local\Temp\02e0d8a4-aab2-4a00-9c3e-07c0d83647fc.tmp. Reason: [WinError 32] The process cannot access the file because it is being used by another process: 'C:\\Users\\mrsch\\AppData\\Local\\Temp\\02e0d8a4-aab2-4a00-9c3e-07c0d83647fc.tmp'
2025-01-25 18:17:57,535 - ERROR - Failed to delete C:\Users\mrsch\AppData\Local\Temp\07d37a82-3eef-4ef4-b3ef-063990edcab1.tmp. Reason: [WinError 32] The process cannot access the file because it is being used by another process: 'C:\\Users\\mrsch\\AppData\\Local\\Temp\\07d37a82-3eef-4ef4-b3ef-063990edcab1.tmp'
2025-01-25 18:17:57,535 - ERROR - Failed to delete C:\Users\mrsch\AppData\Local\Temp\1a39f0de-f12e-4dc6-87fd-4b34db37f147.tmp. Reason: [WinError 32] The process cannot access the file because it is being used by another process: 'C:\\Users\\mrsch\\AppData\\Local\\Temp\\1a39f0de-f12e-4dc6-87fd-4b34db37f147.tmp'
2025-01-25 18:17:57,536 - ERROR - Failed to delete C:\Users\mrsch\AppData\Local\Temp\1f923434-7735-452c-8a31-d9fad1436480.tmp. Reason: [WinError 32] The process cannot access the file because it is being used by another process: 'C:\\Users\\mrsch\\AppData\\Local\\Temp\\1f923434-7735-452c-8a31-d9fad1436480.tmp'
2025-01-25 18:17:57,536 - ERROR - Failed to delete C:\Users\mrsch\AppData\Local\Temp\2ac8316a-6156-4110-941d-9a52176ddec5.tmp. Reason: [WinError 32] The process cannot access the file because it is being used by another process: 'C:\\Users\\mrsch\\AppData\\Local\\Temp\\2ac8316a-6156-4110-941d-9a52176ddec5.tmp'
2025-01-25 18:17:57,536 - ERROR - Failed to delete C:\Users\mrsch\AppData\Local\Temp\58d9b6c3-6f60-4580-80d8-fa7b8a17fb17.tmp. Reason: [WinError 32] The process cannot access the file because it is being used by another process: 'C:\\Users\\mrsch\\AppData\\Local\\Temp\\58d9b6c3-6f60-4580-80d8-fa7b8a17fb17.tmp'
2025-01-25 18:17:57,536 - ERROR - Failed to delete C:\Users\mrsch\AppData\Local\Temp\672eb108-41aa-4f35-a3e9-434c274548d8.tmp. Reason: [WinError 32] The process cannot access the file because it is being used by another process: 'C:\\Users\\mrsch\\AppData\\Local\\Temp\\672eb108-41aa-4f35-a3e9-434c274548d8.tmp'
2025-01-25 18:17:57,536 - ERROR - Failed to delete C:\Users\mrsch\AppData\Local\Temp\b086400b-699b-47e7-86b5-0cbbc5c5fb15.tmp. Reason: [WinError 32] The process cannot access the file because it is being used by another process: 'C:\\Users\\mrsch\\AppData\\Local\\Temp\\b086400b-699b-47e7-86b5-0cbbc5c5fb15.tmp'
2025-01-25 18:17:57,536 - ERROR - Failed to delete C:\Users\mrsch\AppData\Local\Temp\b12b1c5d-c98c-42f8-adc0-741c37bbf862.tmp. Reason: [WinError 32] The process cannot access the file because it is being used by another process: 'C:\\Users\\mrsch\\AppData\\Local\\Temp\\b12b1c5d-c98c-42f8-adc0-741c37bbf862.tmp'
2025-01-25 18:17:57,536 - ERROR - Failed to delete C:\Users\mrsch\AppData\Local\Temp\b21e63c1-5258-4bd7-9c4d-4f54466be4e0.tmp. Reason: [WinError 32] The process cannot access the file because it is being used by another process: 'C:\\Users\\mrsch\\AppData\\Local\\Temp\\b21e63c1-5258-4bd7-9c4d-4f54466be4e0.tmp'
2025-01-25 18:17:57,537 - ERROR - Failed to delete C:\Users\mrsch\AppData\Local\Temp\c968c24e-72fc-4faa-a829-d7570c8ae6ca.tmp. Reason: [WinError 32] The process cannot access the file because it is being used by another process: 'C:\\Users\\mrsch\\AppData\\Local\\Temp\\c968c24e-72fc-4faa-a829-d7570c8ae6ca.tmp'
2025-01-25 18:17:57,537 - ERROR - Failed to delete C:\Users\mrsch\AppData\Local\Temp\d36a0f7a-ead9-4eff-b5cf-0316ae01fccb.tmp. Reason: [WinError 32] The process cannot access the file because it is being used by another process: 'C:\\Users\\mrsch\\AppData\\Local\\Temp\\d36a0f7a-ead9-4eff-b5cf-0316ae01fccb.tmp'
2025-01-25 18:17:57,537 - ERROR - Failed to delete C:\Users\mrsch\AppData\Local\Temp\d44d9393-1b7d-47d2-99ec-5193244914e4.tmp. Reason: [WinError 32] The process cannot access the file because it is being used by another process: 'C:\\Users\\mrsch\\AppData\\Local\\Temp\\d44d9393-1b7d-47d2-99ec-5193244914e4.tmp'
2025-01-25 18:17:57,537 - ERROR - Failed to delete C:\Users\mrsch\AppData\Local\Temp\e2d37916-1a51-40cd-8309-d4ecc298b0f8.tmp. Reason: [WinError 32] The process cannot access the file because it is being used by another process: 'C:\\Users\\mrsch\\AppData\\Local\\Temp\\e2d37916-1a51-40cd-8309-d4ecc298b0f8.tmp'
2025-01-25 18:17:57,537 - ERROR - Failed to delete C:\Users\mrsch\AppData\Local\Temp\ff67140a-d7c0-402e-8698-6259cda0067d.tmp. Reason: [WinError 32] The process cannot access the file because it is being used by another process: 'C:\\Users\\mrsch\\AppData\\Local\\Temp\\ff67140a-d7c0-402e-8698-6259cda0067d.tmp'
2025-01-25 18:17:57,541 - INFO - Temporary files cleared successfully.
2025-01-25 18:17:57,551 - INFO - Attempting to clear Google Chrome history.
2025-01-25 18:17:57,551 - ERROR - Permission denied: Unable to clear Google Chrome history. [WinError 32] The process cannot access the file because it is being used by another process: 'C:\\Users\\mrsch\\AppData\\Local\\Google\\Chrome\\User Data\\Default\\History'
2025-01-25 18:17:57,551 - INFO - Attempting to clear Mozilla Firefox history.
2025-01-25 18:17:57,551 - INFO - Mozilla Firefox history cleared successfully.
2025-01-25 18:17:57,551 - INFO - Attempting to clear Microsoft Edge history.
2025-01-25 18:17:57,551 - ERROR - Permission denied: Unable to clear Microsoft Edge history. [WinError 32] The process cannot access the file because it is being used by another process: 'C:\\Users\\mrsch\\AppData\\Local\\Microsoft\\Edge\\User Data\\Default\\History'
2025-01-25 18:17:57,552 - INFO - Internet history cleared successfully.
2025-01-25 18:30:22,811 - INFO - Attempting to clean Recycle Bin.
2025-01-25 18:30:22,811 - ERROR - Error cleaning Recycle Bin: module 'subprocess' has no attribute 'SW_MINIMIZE'
2025-01-25 18:30:22,821 - INFO - Attempting to clear cookies.
2025-01-25 18:30:22,823 - INFO - Cookies cleared successfully.
2025-01-25 18:30:22,830 - INFO - Attempting to clear temporary files.
2025-01-25 18:30:22,830 - ERROR - Failed to delete C:\Users\mrsch\AppData\Local\Temp\02e0d8a4-aab2-4a00-9c3e-07c0d83647fc.tmp. Reason: [WinError 32] The process cannot access the file because it is being used by another process: 'C:\\Users\\mrsch\\AppData\\Local\\Temp\\02e0d8a4-aab2-4a00-9c3e-07c0d83647fc.tmp'
2025-01-25 18:30:22,830 - ERROR - Failed to delete C:\Users\mrsch\AppData\Local\Temp\064ab266-6856-4be9-81fb-89f4b141e902.tmp. Reason: [WinError 32] The process cannot access the file because it is being used by another process: 'C:\\Users\\mrsch\\AppData\\Local\\Temp\\064ab266-6856-4be9-81fb-89f4b141e902.tmp'
2025-01-25 18:30:22,830 - ERROR - Failed to delete C:\Users\mrsch\AppData\Local\Temp\07d37a82-3eef-4ef4-b3ef-063990edcab1.tmp. Reason: [WinError 32] The process cannot access the file because it is being used by another process: 'C:\\Users\\mrsch\\AppData\\Local\\Temp\\07d37a82-3eef-4ef4-b3ef-063990edcab1.tmp'
2025-01-25 18:30:22,831 - ERROR - Failed to delete C:\Users\mrsch\AppData\Local\Temp\1a39f0de-f12e-4dc6-87fd-4b34db37f147.tmp. Reason: [WinError 32] The process cannot access the file because it is being used by another process: 'C:\\Users\\mrsch\\AppData\\Local\\Temp\\1a39f0de-f12e-4dc6-87fd-4b34db37f147.tmp'
2025-01-25 18:30:22,831 - ERROR - Failed to delete C:\Users\mrsch\AppData\Local\Temp\1f923434-7735-452c-8a31-d9fad1436480.tmp. Reason: [WinError 32] The process cannot access the file because it is being used by another process: 'C:\\Users\\mrsch\\AppData\\Local\\Temp\\1f923434-7735-452c-8a31-d9fad1436480.tmp'
2025-01-25 18:30:22,831 - ERROR - Failed to delete C:\Users\mrsch\AppData\Local\Temp\2ac8316a-6156-4110-941d-9a52176ddec5.tmp. Reason: [WinError 32] The process cannot access the file because it is being used by another process: 'C:\\Users\\mrsch\\AppData\\Local\\Temp\\2ac8316a-6156-4110-941d-9a52176ddec5.tmp'
2025-01-25 18:30:22,831 - ERROR - Failed to delete C:\Users\mrsch\AppData\Local\Temp\58d9b6c3-6f60-4580-80d8-fa7b8a17fb17.tmp. Reason: [WinError 32] The process cannot access the file because it is being used by another process: 'C:\\Users\\mrsch\\AppData\\Local\\Temp\\58d9b6c3-6f60-4580-80d8-fa7b8a17fb17.tmp'
2025-01-25 18:30:22,831 - ERROR - Failed to delete C:\Users\mrsch\AppData\Local\Temp\672eb108-41aa-4f35-a3e9-434c274548d8.tmp. Reason: [WinError 32] The process cannot access the file because it is being used by another process: 'C:\\Users\\mrsch\\AppData\\Local\\Temp\\672eb108-41aa-4f35-a3e9-434c274548d8.tmp'
2025-01-25 18:30:22,831 - ERROR - Failed to delete C:\Users\mrsch\AppData\Local\Temp\784bf6be-101e-454e-ab9f-442aad8d73c9.tmp. Reason: [WinError 32] The process cannot access the file because it is being used by another process: 'C:\\Users\\mrsch\\AppData\\Local\\Temp\\784bf6be-101e-454e-ab9f-442aad8d73c9.tmp'
2025-01-25 18:30:22,831 - ERROR - Failed to delete C:\Users\mrsch\AppData\Local\Temp\b086400b-699b-47e7-86b5-0cbbc5c5fb15.tmp. Reason: [WinError 32] The process cannot access the file because it is being used by another process: 'C:\\Users\\mrsch\\AppData\\Local\\Temp\\b086400b-699b-47e7-86b5-0cbbc5c5fb15.tmp'
2025-01-25 18:30:22,832 - ERROR - Failed to delete C:\Users\mrsch\AppData\Local\Temp\b12b1c5d-c98c-42f8-adc0-741c37bbf862.tmp. Reason: [WinError 32] The process cannot access the file because it is being used by another process: 'C:\\Users\\mrsch\\AppData\\Local\\Temp\\b12b1c5d-c98c-42f8-adc0-741c37bbf862.tmp'
2025-01-25 18:30:22,832 - ERROR - Failed to delete C:\Users\mrsch\AppData\Local\Temp\b21e63c1-5258-4bd7-9c4d-4f54466be4e0.tmp. Reason: [WinError 32] The process cannot access the file because it is being used by another process: 'C:\\Users\\mrsch\\AppData\\Local\\Temp\\b21e63c1-5258-4bd7-9c4d-4f54466be4e0.tmp'
2025-01-25 18:30:22,832 - ERROR - Failed to delete C:\Users\mrsch\AppData\Local\Temp\c968c24e-72fc-4faa-a829-d7570c8ae6ca.tmp. Reason: [WinError 32] The process cannot access the file because it is being used by another process: 'C:\\Users\\mrsch\\AppData\\Local\\Temp\\c968c24e-72fc-4faa-a829-d7570c8ae6ca.tmp'
2025-01-25 18:30:22,832 - ERROR - Failed to delete C:\Users\mrsch\AppData\Local\Temp\d36a0f7a-ead9-4eff-b5cf-0316ae01fccb.tmp. Reason: [WinError 32] The process cannot access the file because it is being used by another process: 'C:\\Users\\mrsch\\AppData\\Local\\Temp\\d36a0f7a-ead9-4eff-b5cf-0316ae01fccb.tmp'
2025-01-25 18:30:22,832 - ERROR - Failed to delete C:\Users\mrsch\AppData\Local\Temp\d44d9393-1b7d-47d2-99ec-5193244914e4.tmp. Reason: [WinError 32] The process cannot access the file because it is being used by another process: 'C:\\Users\\mrsch\\AppData\\Local\\Temp\\d44d9393-1b7d-47d2-99ec-5193244914e4.tmp'
2025-01-25 18:30:22,832 - ERROR - Failed to delete C:\Users\mrsch\AppData\Local\Temp\e2d37916-1a51-40cd-8309-d4ecc298b0f8.tmp. Reason: [WinError 32] The process cannot access the file because it is being used by another process: 'C:\\Users\\mrsch\\AppData\\Local\\Temp\\e2d37916-1a51-40cd-8309-d4ecc298b0f8.tmp'
2025-01-25 18:30:22,834 - INFO - Temporary files cleared successfully.
2025-01-25 18:30:22,843 - INFO - Attempting to clear Google Chrome history.
2025-01-25 18:30:22,843 - ERROR - Permission denied: Unable to clear Google Chrome history. [WinError 32] The process cannot access the file because it is being used by another process: 'C:\\Users\\mrsch\\AppData\\Local\\Google\\Chrome\\User Data\\Default\\History'
2025-01-25 18:30:22,843 - INFO - Attempting to clear Mozilla Firefox history.
2025-01-25 18:30:22,843 - INFO - Mozilla Firefox history cleared successfully.
2025-01-25 18:30:22,843 - INFO - Attempting to clear Microsoft Edge history.
2025-01-25 18:30:22,843 - ERROR - Permission denied: Unable to clear Microsoft Edge history. [WinError 32] The process cannot access the file because it is being used by another process: 'C:\\Users\\mrsch\\AppData\\Local\\Microsoft\\Edge\\User Data\\Default\\History'
2025-01-25 18:30:22,844 - INFO - Internet history cleared successfully.
